time="2022-11-13T02:29:15+03:00" level=info msg=TEST func="main.main()" file="main.go:15"
time="2022-11-13T02:29:49+03:00" level=info msg=TEST func="main.main()" file="main.go:15"
time="2022-11-13T02:30:23+03:00" level=info msg=TEST func="main.main()" file="main.go:15"
time="2022-11-13T02:31:54+03:00" level=info msg=TEST func="main.main()" file="main.go:14"
time="2022-11-13T02:32:27+03:00" level=info msg=TEST func="main.main()" file="main.go:14"
time="2022-11-13T02:32:42+03:00" level=info msg=TEST func="main.main()" file="main.go:14"
time="2022-11-13T02:32:42+03:00" level=info msg=TEST func="main.main()" file="main.go:20"
time="2022-11-13T02:33:00+03:00" level=info msg=TEST func="main.main()" file="main.go:14"
time="2022-11-13T02:42:20+03:00" level=info msg="read application configuration" func="github.com/matster07/user-balance-service/internal/app/configs.GetConfig.func1()" file="config.go:21"
time="2022-11-13T02:42:20+03:00" level=fatal msg="Expected a pointer to a Struct" func="github.com/matster07/user-balance-service/internal/app/configs.GetConfig.func1()" file="config.go:24"
time="2022-11-13T02:43:23+03:00" level=info msg="read application configuration" func="github.com/matster07/user-balance-service/internal/app/configs.GetConfig.func1()" file="config.go:21"
time="2022-11-13T02:43:23+03:00" level=fatal msg="Expected a pointer to a Struct" func="github.com/matster07/user-balance-service/internal/app/configs.GetConfig.func1()" file="config.go:24"
time="2022-11-13T02:44:53+03:00" level=info msg="read application configuration" func="github.com/matster07/user-balance-service/internal/app/configs.GetConfig.func1()" file="config.go:21"
time="2022-11-13T02:45:13+03:00" level=info msg="read application configuration" func="github.com/matster07/user-balance-service/internal/app/configs.GetConfig.func1()" file="config.go:21"
time="2022-11-13T02:45:13+03:00" level=info msg="start application" func="main.start()" file="main.go:33"
time="2022-11-13T02:45:51+03:00" level=info msg="read application configuration" func="github.com/matster07/user-balance-service/internal/app/configs.GetConfig.func1()" file="config.go:21"
time="2022-11-13T02:45:51+03:00" level=info msg="start application" func="main.start()" file="main.go:33"
time="2022-11-13T02:46:12+03:00" level=info msg="read application configuration" func="github.com/matster07/user-balance-service/internal/app/configs.GetConfig.func1()" file="config.go:21"
time="2022-11-13T02:46:12+03:00" level=info msg="start application" func="main.start()" file="main.go:33"
time="2022-11-13T02:47:21+03:00" level=info msg="read application configuration" func="github.com/matster07/user-balance-service/internal/app/configs.GetConfig.func1()" file="config.go:21"
time="2022-11-13T02:47:21+03:00" level=info msg="start application" func="main.start()" file="main.go:33"
time="2022-11-13T02:47:33+03:00" level=info msg="read application configuration" func="github.com/matster07/user-balance-service/internal/app/configs.GetConfig.func1()" file="config.go:21"
time="2022-11-13T02:47:33+03:00" level=info msg="start application" func="main.start()" file="main.go:33"
time="2022-11-13T02:47:59+03:00" level=info msg="read application configuration" func="github.com/matster07/user-balance-service/internal/app/configs.GetConfig.func1()" file="config.go:21"
time="2022-11-13T02:47:59+03:00" level=info msg="start application" func="main.start()" file="main.go:33"
time="2022-11-13T02:48:42+03:00" level=info msg="read application configuration" func="github.com/matster07/user-balance-service/internal/app/configs.GetConfig.func1()" file="config.go:21"
time="2022-11-13T02:48:42+03:00" level=info msg="start application" func="main.start()" file="main.go:33"
time="2022-11-13T02:48:42+03:00" level=info msg="server is listening port 5001" func="main.start()" file="main.go:35"
time="2022-11-13T02:49:24+03:00" level=info msg="read application configuration" func=github.com/matster07/user-balance-service/internal/app/configs.GetConfig.func1 file="C:/Users/matve/GolandProjects/user-balance-service/internal/app/configs/config.go:21"
time="2022-11-13T02:49:24+03:00" level=info msg="start application" func=main.start file="C:/Users/matve/GolandProjects/user-balance-service/cmd/user-balance-service/main.go:33"
time="2022-11-13T02:49:24+03:00" level=info msg="server is listening port 5001" func=main.start file="C:/Users/matve/GolandProjects/user-balance-service/cmd/user-balance-service/main.go:35"
time="2022-11-13T02:50:21+03:00" level=info msg="read application configuration" func="github.com/matster07/user-balance-service/internal/app/configs.GetConfig.func1()" file="config.go:21"
time="2022-11-13T02:50:21+03:00" level=info msg="server is listening port 5001" func="main.start()" file="main.go:34"
time="2022-11-13T02:51:28+03:00" level=info msg="read application configuration" file="config.go:21"
time="2022-11-13T02:51:28+03:00" level=info msg="server is listening port 5001" file="main.go:34"
time="2022-11-13T03:00:22+03:00" level=info msg="read application configuration" file="config.go:30"
time="2022-11-13T03:01:02+03:00" level=info msg="read application configuration" file="config.go:30"
time="2022-11-13T03:01:17+03:00" level=fatal msg="error do with tries postgresql" file="postgresql.go:37"
time="2022-11-13T03:01:26+03:00" level=info msg="read application configuration" file="config.go:30"
time="2022-11-13T03:03:28+03:00" level=info msg="read application configuration" file="config.go:26"
time="2022-11-13T03:03:43+03:00" level=fatal msg="error do with tries postgresql" file="postgresql.go:37"
time="2022-11-13T03:04:05+03:00" level=info msg="read application configuration" file="config.go:26"
time="2022-11-13T03:05:10+03:00" level=info msg="read application configuration" file="config.go:26"
time="2022-11-13T03:05:26+03:00" level=fatal msg="error do with tries postgresql" file="postgresql.go:37"
time="2022-11-13T03:06:03+03:00" level=info msg="read application configuration" file="config.go:26"
time="2022-11-13T03:06:08+03:00" level=fatal msg="failed to connect to `host=127.0.0.1 user=postgres database=public`: server error (\xc2\xc0\xc6\xcd\xce: \xe1\xe0\xe7\xe0 \xe4\xe0\xed\xed\xfb\xf5 \"public\" \xed\xe5 \xf1\xf3\xf9\xe5\xf1\xf2\xe2\xf3\xe5\xf2 (SQLSTATE 3D000))" file="postgresql.go:37"
time="2022-11-13T03:08:07+03:00" level=info msg="read application configuration" file="config.go:26"
time="2022-11-13T03:08:13+03:00" level=fatal msg="failed to connect to `host=127.0.0.1 user=postgres database=public`: server error (\xc2\xc0\xc6\xcd\xce: \xe1\xe0\xe7\xe0 \xe4\xe0\xed\xed\xfb\xf5 \"public\" \xed\xe5 \xf1\xf3\xf9\xe5\xf1\xf2\xe2\xf3\xe5\xf2 (SQLSTATE 3D000))" file="postgresql.go:37"
time="2022-11-13T03:10:40+03:00" level=info msg="read application configuration" file="config.go:26"
time="2022-11-13T03:10:45+03:00" level=fatal msg="failed to connect to `host=127.0.0.1 user=postgres database=postgres`: server error (ВАЖНО: нераспознанный параметр конфигурации: \"currentSchema\" (SQLSTATE 42704))" file="postgresql.go:37"
time="2022-11-13T03:11:14+03:00" level=info msg="read application configuration" file="config.go:26"
time="2022-11-13T03:11:14+03:00" level=info msg="server is listening port 5001" file="main.go:38"
time="2022-11-13T04:24:44+03:00" level=info msg="read application configuration" file="config.go:26"
time="2022-11-13T04:24:44+03:00" level=info msg="server is listening port 5001" file="main.go:36"
time="2022-11-13T13:36:53+03:00" level=info msg="read application configuration" file="config.go:26"
time="2022-11-13T13:36:53+03:00" level=info msg="server is listening port 5001" file="main.go:36"
time="2022-11-13T13:37:28+03:00" level=info msg="read application configuration" file="config.go:26"
time="2022-11-13T13:37:28+03:00" level=info msg="server is listening port 5001" file="main.go:36"
time="2022-11-13T13:38:12+03:00" level=info msg="read application configuration" file="config.go:26"
time="2022-11-13T13:38:12+03:00" level=info msg="server is listening port 5001" file="main.go:36"
time="2022-11-13T13:38:41+03:00" level=info msg="read application configuration" file="config.go:26"
time="2022-11-13T13:38:41+03:00" level=info msg="server is listening port 5001" file="main.go:36"
time="2022-11-13T13:39:21+03:00" level=info msg="read application configuration" file="config.go:26"
time="2022-11-13T13:39:21+03:00" level=info msg="server is listening port 5001" file="main.go:36"
time="2022-11-13T13:39:30+03:00" level=info msg=test file="handler.go:45"
time="2022-11-13T13:40:40+03:00" level=info msg="[{2 0 RESERVING_ACCOUNT} {5 1000 RESERVING_ACCOUNT} {4 100000 COMPANY_ACCOUNT} {3 30000 COMPANY_ACCOUNT} {1 5000 USER_ACCOUNT}]" file="handler.go:47"
time="2022-11-13T13:41:21+03:00" level=info msg="read application configuration" file="config.go:26"
time="2022-11-13T13:41:21+03:00" level=info msg="server is listening port 5001" file="main.go:36"
time="2022-11-13T13:41:29+03:00" level=info msg=test file="handler.go:45"
time="2022-11-13T13:41:29+03:00" level=info msg="[]" file="handler.go:47"
time="2022-11-13T13:41:35+03:00" level=info msg=test file="handler.go:45"
time="2022-11-13T13:41:35+03:00" level=info msg="[]" file="handler.go:47"
time="2022-11-13T13:41:35+03:00" level=info msg=test file="handler.go:45"
time="2022-11-13T13:41:35+03:00" level=info msg="[]" file="handler.go:47"
time="2022-11-13T13:42:19+03:00" level=info msg="read application configuration" file="config.go:26"
time="2022-11-13T13:42:19+03:00" level=info msg="server is listening port 5001" file="main.go:36"
time="2022-11-13T13:42:21+03:00" level=info msg=test file="handler.go:45"
time="2022-11-13T13:42:21+03:00" level=info msg="[]" file="handler.go:47"
time="2022-11-13T13:42:22+03:00" level=info msg=test file="handler.go:45"
time="2022-11-13T13:42:22+03:00" level=info msg="[]" file="handler.go:47"
time="2022-11-13T13:42:34+03:00" level=info msg="read application configuration" file="config.go:26"
time="2022-11-13T13:42:34+03:00" level=info msg="server is listening port 5001" file="main.go:36"
time="2022-11-13T13:42:37+03:00" level=info msg=test file="handler.go:45"
time="2022-11-13T13:42:56+03:00" level=info msg="read application configuration" file="config.go:26"
time="2022-11-13T13:42:57+03:00" level=info msg="server is listening port 5001" file="main.go:36"
time="2022-11-13T13:43:02+03:00" level=info msg=test file="handler.go:45"
time="2022-11-13T13:47:28+03:00" level=info msg="read application configuration" file="config.go:26"
time="2022-11-13T13:47:33+03:00" level=fatal msg="failed to connect to `host=127.0.0.1 user=postgres database=postgres`: server error (ВАЖНО: нераспознанный параметр конфигурации: \"searchpath\" (SQLSTATE 42704))" file="postgresql.go:37"
time="2022-11-13T13:57:43+03:00" level=info msg="read application configuration" file="config.go:26"
time="2022-11-13T13:57:48+03:00" level=fatal msg="failed to connect to `host=127.0.0.1 user=postgres database=postgres`: server error (ВАЖНО: нераспознанный параметр конфигурации: \"currentSchema\" (SQLSTATE 42704))" file="postgresql.go:37"
time="2022-11-13T13:58:52+03:00" level=info msg="read application configuration" file="config.go:26"
time="2022-11-13T13:58:52+03:00" level=info msg="server is listening port 5001" file="main.go:36"
time="2022-11-13T14:00:34+03:00" level=info msg="read application configuration" file="config.go:27"
time="2022-11-13T14:00:34+03:00" level=info msg="server is listening port 5001" file="main.go:36"
time="2022-11-13T14:00:45+03:00" level=info msg=test file="handler.go:45"
time="2022-11-13T14:00:45+03:00" level=info msg="[{2 0 RESERVING_ACCOUNT} {5 1000 RESERVING_ACCOUNT} {4 100000 COMPANY_ACCOUNT} {3 30000 COMPANY_ACCOUNT} {1 5000 USER_ACCOUNT}]" file="handler.go:47"
time="2022-11-13T14:21:14+03:00" level=info msg="read application configuration" file="config.go:27"
time="2022-11-13T14:21:14+03:00" level=info msg="server is listening port 5001" file="main.go:36"
time="2022-11-13T14:22:31+03:00" level=info msg="read application configuration" file="config.go:27"
time="2022-11-13T14:22:31+03:00" level=info msg="server is listening port 5001" file="main.go:36"
time="2022-11-13T14:22:38+03:00" level=error msg="no rows in result set" file="repository.go:31"
time="2022-11-13T14:22:39+03:00" level=error msg="no rows in result set" file="repository.go:31"
time="2022-11-13T14:22:49+03:00" level=error msg="no rows in result set" file="repository.go:31"
time="2022-11-13T14:29:14+03:00" level=info msg="read application configuration" file="config.go:27"
time="2022-11-13T14:29:14+03:00" level=info msg="server is listening port 5001" file="main.go:36"
time="2022-11-13T14:29:40+03:00" level=info msg="read application configuration" file="config.go:27"
time="2022-11-13T14:29:40+03:00" level=info msg="server is listening port 5002" file="main.go:36"
time="2022-11-13T14:29:53+03:00" level=error msg="no rows in result set" file="repository.go:31"
time="2022-11-13T14:30:01+03:00" level=error msg="no rows in result set" file="repository.go:31"
time="2022-11-13T14:30:14+03:00" level=error msg="no rows in result set" file="repository.go:31"
time="2022-11-13T14:33:18+03:00" level=info msg="read application configuration" file="config.go:27"
time="2022-11-13T14:33:18+03:00" level=info msg="server is listening port 5002" file="main.go:36"
time="2022-11-13T16:25:24+03:00" level=info msg="read application configuration" file="config.go:27"
time="2022-11-13T16:25:24+03:00" level=info msg="server is listening port 5002" file="main.go:38"
time="2022-11-13T16:25:40+03:00" level=error msg="no rows in result set" file="repository.go:31"
time="2022-11-13T16:26:01+03:00" level=error msg="no rows in result set" file="repository.go:31"
time="2022-11-13T16:27:18+03:00" level=info msg="read application configuration" file="config.go:27"
time="2022-11-13T16:27:18+03:00" level=info msg="server is listening port 5002" file="main.go:38"
time="2022-11-13T16:27:32+03:00" level=error msg="no rows in result set" file="repository.go:31"
time="2022-11-13T16:28:09+03:00" level=error msg="no rows in result set" file="repository.go:31"
time="2022-11-13T16:28:36+03:00" level=info msg="read application configuration" file="config.go:27"
time="2022-11-13T16:28:37+03:00" level=info msg="server is listening port 5002" file="main.go:38"
time="2022-11-13T16:29:42+03:00" level=info msg="read application configuration" file="config.go:27"
time="2022-11-13T16:29:42+03:00" level=info msg="server is listening port 5002" file="main.go:38"
time="2022-11-13T16:31:04+03:00" level=info msg="read application configuration" file="config.go:27"
time="2022-11-13T16:31:04+03:00" level=info msg="server is listening port 5002" file="main.go:38"
time="2022-11-13T16:32:04+03:00" level=info msg="read application configuration" file="config.go:27"
time="2022-11-13T16:32:04+03:00" level=info msg="server is listening port 5002" file="main.go:38"
time="2022-11-13T16:33:41+03:00" level=info msg="read application configuration" file="config.go:27"
time="2022-11-13T16:33:41+03:00" level=info msg="server is listening port 5002" file="main.go:38"
time="2022-11-13T16:34:05+03:00" level=info msg="read application configuration" file="config.go:27"
time="2022-11-13T16:34:05+03:00" level=info msg="server is listening port 5002" file="main.go:38"
time="2022-11-13T16:35:08+03:00" level=info msg="read application configuration" file="config.go:27"
time="2022-11-13T16:35:08+03:00" level=info msg="server is listening port 5002" file="main.go:38"
time="2022-11-13T18:07:41+03:00" level=info msg="read application configuration" file="config.go:27"
time="2022-11-13T18:07:41+03:00" level=info msg="server is listening port 5002" file="main.go:40"
time="2022-11-13T18:07:50+03:00" level=error msg="SQL Error: ошибка синтаксиса (примерное положение: \"to\"), Detail: , Where: , Code: 42601, SQLState: 42601" file="repository.go:86"
time="2022-11-13T18:08:58+03:00" level=info msg="read application configuration" file="config.go:27"
time="2022-11-13T18:08:58+03:00" level=info msg="server is listening port 5002" file="main.go:40"
time="2022-11-13T18:10:34+03:00" level=info msg="read application configuration" file="config.go:27"
time="2022-11-13T18:10:34+03:00" level=info msg="server is listening port 5002" file="main.go:40"
time="2022-11-13T18:10:44+03:00" level=error msg="SQL Error: ошибка синтаксиса (примерное положение: \"from\"), Detail: , Where: , Code: 42601, SQLState: 42601" file="repository.go:86"
time="2022-11-13T18:12:35+03:00" level=info msg="read application configuration" file="config.go:27"
time="2022-11-13T18:12:35+03:00" level=info msg="server is listening port 5002" file="main.go:40"
time="2022-11-13T18:12:57+03:00" level=error msg="SQL Error: ошибка синтаксиса (примерное положение: \"from\"), Detail: , Where: , Code: 42601, SQLState: 42601" file="repository.go:90"
time="2022-11-13T18:13:09+03:00" level=info msg="read application configuration" file="config.go:27"
time="2022-11-13T18:13:10+03:00" level=info msg="server is listening port 5002" file="main.go:40"
time="2022-11-13T18:13:12+03:00" level=error msg="SQL Error: ошибка синтаксиса (примерное положение: \"from\"), Detail: , Where: , Code: 42601, SQLState: 42601" file="repository.go:90"
time="2022-11-13T18:14:21+03:00" level=info msg="read application configuration" file="config.go:27"
time="2022-11-13T18:14:21+03:00" level=info msg="server is listening port 5002" file="main.go:40"
time="2022-11-13T18:14:32+03:00" level=error msg="SQL Error: ошибка синтаксиса (примерное положение: \"from\"), Detail: , Where: , Code: 42601, SQLState: 42601" file="repository.go:90"
time="2022-11-13T18:20:20+03:00" level=info msg="read application configuration" file="config.go:27"
time="2022-11-13T18:20:20+03:00" level=info msg="server is listening port 5002" file="main.go:40"
time="2022-11-13T18:20:41+03:00" level=error msg="SQL Error: ошибка синтаксиса (примерное положение: \"from\"), Detail: , Where: , Code: 42601, SQLState: 42601" file="repository.go:90"
time="2022-11-13T18:21:50+03:00" level=info msg="read application configuration" file="config.go:27"
time="2022-11-13T18:21:50+03:00" level=info msg="server is listening port 5002" file="main.go:40"
time="2022-11-13T18:21:53+03:00" level=error msg="SQL Error: ошибка синтаксиса (примерное положение: \"from\"), Detail: , Where: , Code: 42601, SQLState: 42601" file="repository.go:90"
time="2022-11-13T18:23:38+03:00" level=info msg="read application configuration" file="config.go:27"
time="2022-11-13T18:23:38+03:00" level=info msg="server is listening port 5002" file="main.go:40"
time="2022-11-13T18:23:41+03:00" level=error msg="SQL Error: ошибка синтаксиса (примерное положение: \"to\"), Detail: , Where: , Code: 42601, SQLState: 42601" file="repository.go:90"
time="2022-11-13T18:23:42+03:00" level=error msg="SQL Error: ошибка синтаксиса (примерное положение: \"to\"), Detail: , Where: , Code: 42601, SQLState: 42601" file="repository.go:90"
time="2022-11-13T18:23:42+03:00" level=error msg="SQL Error: ошибка синтаксиса (примерное положение: \"to\"), Detail: , Where: , Code: 42601, SQLState: 42601" file="repository.go:90"
time="2022-11-13T18:23:43+03:00" level=error msg="SQL Error: ошибка синтаксиса (примерное положение: \"to\"), Detail: , Where: , Code: 42601, SQLState: 42601" file="repository.go:90"
time="2022-11-13T18:24:58+03:00" level=info msg="read application configuration" file="config.go:27"
time="2022-11-13T18:24:58+03:00" level=info msg="server is listening port 5002" file="main.go:40"
time="2022-11-13T18:25:02+03:00" level=error msg="SQL Error: повторяющееся значение ключа нарушает ограничение уникальности \"transactions_pk\", Detail: Ключ \"(id)=(4)\" уже существует., Where: , Code: 23505, SQLState: 23505" file="repository.go:90"
time="2022-11-13T18:27:21+03:00" level=error msg="SQL Error: значение NULL в столбце \"id\" отношения \"transactions\" нарушает ограничение NOT NULL, Detail: Ошибочная строка содержит (null, DEPOSIT, 5000.2, 1, 1, 2022-11-20, null)., Where: , Code: 23502, SQLState: 23502" file="repository.go:90"
time="2022-11-13T18:27:22+03:00" level=error msg="SQL Error: значение NULL в столбце \"id\" отношения \"transactions\" нарушает ограничение NOT NULL, Detail: Ошибочная строка содержит (null, DEPOSIT, 5000.2, 1, 1, 2022-11-20, null)., Where: , Code: 23502, SQLState: 23502" file="repository.go:90"
time="2022-11-13T18:27:23+03:00" level=error msg="SQL Error: значение NULL в столбце \"id\" отношения \"transactions\" нарушает ограничение NOT NULL, Detail: Ошибочная строка содержит (null, DEPOSIT, 5000.2, 1, 1, 2022-11-20, null)., Where: , Code: 23502, SQLState: 23502" file="repository.go:90"
time="2022-11-13T18:27:24+03:00" level=error msg="SQL Error: значение NULL в столбце \"id\" отношения \"transactions\" нарушает ограничение NOT NULL, Detail: Ошибочная строка содержит (null, DEPOSIT, 5000.2, 1, 1, 2022-11-20, null)., Where: , Code: 23502, SQLState: 23502" file="repository.go:90"
time="2022-11-13T18:27:25+03:00" level=error msg="SQL Error: значение NULL в столбце \"id\" отношения \"transactions\" нарушает ограничение NOT NULL, Detail: Ошибочная строка содержит (null, DEPOSIT, 5000.2, 1, 1, 2022-11-20, null)., Where: , Code: 23502, SQLState: 23502" file="repository.go:90"
time="2022-11-13T18:27:42+03:00" level=error msg="SQL Error: повторяющееся значение ключа нарушает ограничение уникальности \"transactions_pk\", Detail: Ключ \"(id)=(1)\" уже существует., Where: , Code: 23505, SQLState: 23505" file="repository.go:90"
time="2022-11-13T18:27:43+03:00" level=error msg="SQL Error: повторяющееся значение ключа нарушает ограничение уникальности \"transactions_pk\", Detail: Ключ \"(id)=(2)\" уже существует., Where: , Code: 23505, SQLState: 23505" file="repository.go:90"
time="2022-11-13T18:27:43+03:00" level=error msg="SQL Error: повторяющееся значение ключа нарушает ограничение уникальности \"transactions_pk\", Detail: Ключ \"(id)=(3)\" уже существует., Where: , Code: 23505, SQLState: 23505" file="repository.go:90"
time="2022-11-13T18:27:44+03:00" level=error msg="SQL Error: повторяющееся значение ключа нарушает ограничение уникальности \"transactions_pk\", Detail: Ключ \"(id)=(4)\" уже существует., Where: , Code: 23505, SQLState: 23505" file="repository.go:90"
time="2022-11-13T18:27:44+03:00" level=error msg="SQL Error: повторяющееся значение ключа нарушает ограничение уникальности \"transactions_pk\", Detail: Ключ \"(id)=(5)\" уже существует., Where: , Code: 23505, SQLState: 23505" file="repository.go:90"
time="2022-11-13T18:32:40+03:00" level=info msg="read application configuration" file="config.go:27"
time="2022-11-13T18:32:40+03:00" level=info msg="server is listening port 5002" file="main.go:40"
time="2022-11-13T18:32:46+03:00" level=error msg="SQL Error: значение NULL в столбце \"last_time_updated\" отношения \"transactions\" нарушает ограничение NOT NULL, Detail: Ошибочная строка содержит (9, DEPOSIT, 5000.2, 1, 1, null, null)., Where: , Code: 23502, SQLState: 23502" file="repository.go:90"
time="2022-11-13T18:35:07+03:00" level=info msg="read application configuration" file="config.go:27"
time="2022-11-13T18:35:07+03:00" level=info msg="server is listening port 5002" file="main.go:40"
time="2022-11-13T19:07:15+03:00" level=info msg="read application configuration" file="config.go:27"
time="2022-11-13T19:07:15+03:00" level=info msg="server is listening port 5002" file="main.go:40"
time="2022-11-13T19:08:44+03:00" level=error msg="SQL Error: INSERT или UPDATE в таблице \"transactions\" нарушает ограничение внешнего ключа \"transactions_accounts_id_fk_2\", Detail: Ключ (sender_id)=(0) отсутствует в таблице \"accounts\"., Where: , Code: 23503, SQLState: 23503" file="repository.go:68"
time="2022-11-13T19:11:19+03:00" level=info msg="read application configuration" file="config.go:27"
time="2022-11-13T19:11:19+03:00" level=info msg="server is listening port 5002" file="main.go:40"
time="2022-11-13T19:12:31+03:00" level=info msg="read application configuration" file="config.go:27"
time="2022-11-13T19:12:31+03:00" level=info msg="server is listening port 5002" file="main.go:40"
time="2022-11-13T19:23:19+03:00" level=info msg="read application configuration" file="config.go:27"
time="2022-11-13T19:23:19+03:00" level=info msg="server is listening port 5002" file="main.go:40"
time="2022-11-13T19:23:34+03:00" level=info msg="read application configuration" file="config.go:27"
time="2022-11-13T19:23:34+03:00" level=info msg="server is listening port 5002" file="main.go:40"
time="2022-11-13T19:24:20+03:00" level=info msg="read application configuration" file="config.go:27"
time="2022-11-13T19:24:20+03:00" level=info msg="server is listening port 5002" file="main.go:40"
time="2022-11-13T19:25:35+03:00" level=info msg="read application configuration" file="config.go:27"
time="2022-11-13T19:25:35+03:00" level=info msg="server is listening port 5002" file="main.go:40"
time="2022-11-13T19:26:27+03:00" level=info msg="read application configuration" file="config.go:27"
time="2022-11-13T19:26:27+03:00" level=info msg="server is listening port 5002" file="main.go:40"
time="2022-11-13T19:31:46+03:00" level=info msg="read application configuration" file="config.go:27"
time="2022-11-13T19:31:46+03:00" level=info msg="server is listening port 5002" file="main.go:40"
time="2022-11-13T19:40:18+03:00" level=info msg="read application configuration" file="config.go:27"
time="2022-11-13T19:40:18+03:00" level=info msg="server is listening port 5002" file="main.go:40"
time="2022-11-13T19:40:48+03:00" level=info msg="read application configuration" file="config.go:27"
time="2022-11-13T19:40:49+03:00" level=info msg="server is listening port 5002" file="main.go:40"
time="2022-11-13T19:41:53+03:00" level=info msg="read application configuration" file="config.go:27"
time="2022-11-13T19:41:53+03:00" level=info msg="server is listening port 5002" file="main.go:40"
time="2022-11-13T19:42:49+03:00" level=info msg="read application configuration" file="config.go:27"
time="2022-11-13T19:42:50+03:00" level=info msg="server is listening port 5002" file="main.go:40"
time="2022-11-13T20:44:18+03:00" level=info msg="read application configuration" file="config.go:27"
time="2022-11-13T20:44:18+03:00" level=info msg="server is listening port 5002" file="main.go:40"
time="2022-11-13T20:44:58+03:00" level=info msg="read application configuration" file="config.go:27"
time="2022-11-13T20:44:58+03:00" level=info msg="server is listening port 5002" file="main.go:40"
time="2022-11-13T20:52:56+03:00" level=info msg="read application configuration" file="config.go:27"
time="2022-11-13T20:52:56+03:00" level=info msg="server is listening port 5002" file="main.go:40"
time="2022-11-13T20:54:36+03:00" level=info msg="read application configuration" file="config.go:27"
time="2022-11-13T20:54:37+03:00" level=info msg="server is listening port 5002" file="main.go:40"
time="2022-11-13T20:56:49+03:00" level=info msg="read application configuration" file="config.go:27"
time="2022-11-13T20:56:49+03:00" level=info msg="server is listening port 5002" file="main.go:40"
time="2022-11-13T20:58:37+03:00" level=info msg="read application configuration" file="config.go:27"
time="2022-11-13T20:58:37+03:00" level=info msg="server is listening port 5002" file="main.go:40"
time="2022-11-13T21:00:44+03:00" level=info msg="read application configuration" file="config.go:27"
time="2022-11-13T21:00:44+03:00" level=info msg="server is listening port 5002" file="main.go:40"
time="2022-11-13T21:03:34+03:00" level=info msg="read application configuration" file="config.go:27"
time="2022-11-13T21:03:34+03:00" level=info msg="server is listening port 5002" file="main.go:40"
time="2022-11-13T21:03:38+03:00" level=trace msg="SQL Query:  SELECT id, balance, account_type FROM accounts WHERE id= $1; " file="repository.go:31"
time="2022-11-13T21:03:38+03:00" level=trace msg="SQL Query:  UPDATE accounts  SET     balance = $2 WHERE  id = $1 RETURNING ID " file="repository.go:69"
time="2022-11-13T21:03:38+03:00" level=trace msg="SQL Query:  INSERT INTO transactions      (type, amount, sender_id, receiver_id)  VALUES         ($1, $2, $3, $4) RETURNING ID " file="repository.go:33"
time="2022-11-13T21:03:39+03:00" level=trace msg="SQL Query:  SELECT id, balance, account_type FROM accounts WHERE id= $1; " file="repository.go:31"
time="2022-11-13T21:03:39+03:00" level=trace msg="SQL Query:  UPDATE accounts  SET     balance = $2 WHERE  id = $1 RETURNING ID " file="repository.go:69"
time="2022-11-13T21:03:39+03:00" level=trace msg="SQL Query:  INSERT INTO transactions      (type, amount, sender_id, receiver_id)  VALUES         ($1, $2, $3, $4) RETURNING ID " file="repository.go:33"
time="2022-11-13T21:03:40+03:00" level=trace msg="SQL Query:  SELECT id, balance, account_type FROM accounts WHERE id= $1; " file="repository.go:31"
time="2022-11-13T21:03:40+03:00" level=trace msg="SQL Query:  UPDATE accounts  SET     balance = $2 WHERE  id = $1 RETURNING ID " file="repository.go:69"
time="2022-11-13T21:03:40+03:00" level=trace msg="SQL Query:  INSERT INTO transactions      (type, amount, sender_id, receiver_id)  VALUES         ($1, $2, $3, $4) RETURNING ID " file="repository.go:33"
time="2022-11-13T21:03:57+03:00" level=trace msg="SQL Query:  SELECT id, balance, account_type FROM accounts WHERE id= $1; " file="repository.go:31"
time="2022-11-13T21:03:57+03:00" level=trace msg="SQL Query:  UPDATE accounts  SET     balance = $2 WHERE  id = $1 RETURNING ID " file="repository.go:69"
time="2022-11-13T21:03:57+03:00" level=trace msg="SQL Query:  INSERT INTO transactions      (type, amount, sender_id, receiver_id)  VALUES         ($1, $2, $3, $4) RETURNING ID " file="repository.go:33"
time="2022-11-13T21:07:37+03:00" level=info msg="read application configuration" file="config.go:27"
time="2022-11-13T21:07:38+03:00" level=info msg="server is listening port 5002" file="main.go:40"
time="2022-11-13T21:28:33+03:00" level=info msg="read application configuration" file="config.go:27"
time="2022-11-13T21:28:33+03:00" level=info msg="server is listening port 5002" file="main.go:40"
time="2022-11-13T21:31:44+03:00" level=info msg="read application configuration" file="config.go:27"
time="2022-11-13T21:31:44+03:00" level=info msg="server is listening port 5002" file="main.go:40"
time="2022-11-13T21:32:10+03:00" level=trace msg="SQL Query:  SELECT id, balance, account_type FROM accounts WHERE id= $1; " file="repository.go:31"
time="2022-11-13T21:32:21+03:00" level=trace msg="SQL Query:  SELECT id, balance, account_type FROM accounts WHERE id= $1; " file="repository.go:31"
time="2022-11-13T21:32:21+03:00" level=trace msg="SQL Query:  INSERT INTO accounts      (id, balance, account_type)  VALUES         ($1, $2, $3) RETURNING ID " file="repository.go:50"
time="2022-11-13T21:32:21+03:00" level=trace msg="SQL Query:  UPDATE accounts  SET     balance = $2 WHERE  id = $1 RETURNING ID " file="repository.go:69"
time="2022-11-13T21:32:21+03:00" level=trace msg="SQL Query:  INSERT INTO transactions      (type, amount, sender_id, receiver_id)  VALUES         ($1, $2, $3, $4) RETURNING ID " file="repository.go:33"
time="2022-11-13T21:33:37+03:00" level=trace msg="SQL Query:  SELECT id, balance, account_type FROM accounts WHERE id= $1; " file="repository.go:31"
time="2022-11-13T21:33:37+03:00" level=trace msg="SQL Query:  UPDATE accounts  SET     balance = $2 WHERE  id = $1 RETURNING ID " file="repository.go:69"
time="2022-11-13T21:33:37+03:00" level=trace msg="SQL Query:  INSERT INTO transactions      (type, amount, sender_id, receiver_id)  VALUES         ($1, $2, $3, $4) RETURNING ID " file="repository.go:33"
time="2022-11-13T21:33:44+03:00" level=trace msg="SQL Query:  SELECT id, balance, account_type FROM accounts WHERE id= $1; " file="repository.go:31"
time="2022-11-13T21:33:44+03:00" level=trace msg="SQL Query:  UPDATE accounts  SET     balance = $2 WHERE  id = $1 RETURNING ID " file="repository.go:69"
time="2022-11-13T21:33:44+03:00" level=trace msg="SQL Query:  INSERT INTO transactions      (type, amount, sender_id, receiver_id)  VALUES         ($1, $2, $3, $4) RETURNING ID " file="repository.go:33"
time="2022-11-13T21:33:45+03:00" level=trace msg="SQL Query:  SELECT id, balance, account_type FROM accounts WHERE id= $1; " file="repository.go:31"
time="2022-11-13T21:33:45+03:00" level=trace msg="SQL Query:  UPDATE accounts  SET     balance = $2 WHERE  id = $1 RETURNING ID " file="repository.go:69"
time="2022-11-13T21:33:45+03:00" level=trace msg="SQL Query:  INSERT INTO transactions      (type, amount, sender_id, receiver_id)  VALUES         ($1, $2, $3, $4) RETURNING ID " file="repository.go:33"
time="2022-11-13T21:33:59+03:00" level=trace msg="SQL Query:  SELECT id, balance, account_type FROM accounts WHERE id= $1; " file="repository.go:31"
time="2022-11-13T21:34:11+03:00" level=trace msg="SQL Query:  SELECT id, balance, account_type FROM accounts WHERE id= $1; " file="repository.go:31"
time="2022-11-13T21:34:11+03:00" level=trace msg="SQL Query:  UPDATE accounts  SET     balance = $2 WHERE  id = $1 RETURNING ID " file="repository.go:69"
time="2022-11-13T21:34:11+03:00" level=trace msg="SQL Query:  INSERT INTO transactions      (type, amount, sender_id, receiver_id)  VALUES         ($1, $2, $3, $4) RETURNING ID " file="repository.go:33"
time="2022-11-13T21:37:43+03:00" level=info msg="read application configuration" file="config.go:27"
time="2022-11-13T21:37:43+03:00" level=info msg="server is listening port 5002" file="main.go:40"
time="2022-11-13T21:37:54+03:00" level=trace msg="SQL Query:  SELECT id, balance, account_type FROM accounts WHERE id= $1; " file="repository.go:31"
time="2022-11-13T21:37:54+03:00" level=trace msg="SQL Query:  UPDATE accounts  SET     balance = $2 WHERE  id = $1 RETURNING ID " file="repository.go:69"
time="2022-11-13T21:37:54+03:00" level=trace msg="SQL Query:  INSERT INTO transactions      (type, amount, sender_id, receiver_id)  VALUES         ($1, $2, $3, $4) RETURNING ID " file="repository.go:33"
time="2022-11-13T21:37:55+03:00" level=trace msg="SQL Query:  SELECT id, balance, account_type FROM accounts WHERE id= $1; " file="repository.go:31"
time="2022-11-13T21:37:55+03:00" level=trace msg="SQL Query:  UPDATE accounts  SET     balance = $2 WHERE  id = $1 RETURNING ID " file="repository.go:69"
time="2022-11-13T21:37:55+03:00" level=trace msg="SQL Query:  INSERT INTO transactions      (type, amount, sender_id, receiver_id)  VALUES         ($1, $2, $3, $4) RETURNING ID " file="repository.go:33"
time="2022-11-13T21:38:00+03:00" level=trace msg="SQL Query:  SELECT id, balance, account_type FROM accounts WHERE id= $1; " file="repository.go:31"
time="2022-11-13T21:38:00+03:00" level=trace msg="SQL Query:  SELECT id, balance, account_type FROM accounts WHERE id= $1; " file="repository.go:31"
time="2022-11-13T21:38:01+03:00" level=trace msg="SQL Query:  SELECT id, balance, account_type FROM accounts WHERE id= $1; " file="repository.go:31"
time="2022-11-13T21:38:01+03:00" level=trace msg="SQL Query:  SELECT id, balance, account_type FROM accounts WHERE id= $1; " file="repository.go:31"
time="2022-11-13T21:38:02+03:00" level=trace msg="SQL Query:  SELECT id, balance, account_type FROM accounts WHERE id= $1; " file="repository.go:31"
time="2022-11-13T21:38:02+03:00" level=trace msg="SQL Query:  SELECT id, balance, account_type FROM accounts WHERE id= $1; " file="repository.go:31"
time="2022-11-13T21:38:18+03:00" level=info msg="read application configuration" file="config.go:27"
time="2022-11-13T21:38:18+03:00" level=info msg="server is listening port 5002" file="main.go:40"
time="2022-11-13T21:38:25+03:00" level=trace msg="SQL Query:  SELECT id, balance, account_type FROM accounts WHERE id= $1; " file="repository.go:31"
time="2022-11-13T21:39:25+03:00" level=info msg="read application configuration" file="config.go:27"
time="2022-11-13T21:39:25+03:00" level=info msg="server is listening port 5002" file="main.go:40"
time="2022-11-13T21:39:29+03:00" level=trace msg="SQL Query:  SELECT id, balance, account_type FROM accounts WHERE id= $1; " file="repository.go:31"
time="2022-11-13T21:42:16+03:00" level=info msg="read application configuration" file="config.go:27"
time="2022-11-13T21:42:17+03:00" level=info msg="server is listening port 5002" file="main.go:40"
time="2022-11-13T21:42:19+03:00" level=trace msg="SQL Query:  SELECT id, balance, account_type FROM accounts WHERE id= $1; " file="repository.go:31"
time="2022-11-13T21:42:19+03:00" level=trace msg="SQL Query:  UPDATE accounts  SET     balance = $2 WHERE  id = $1 RETURNING ID " file="repository.go:69"
time="2022-11-13T21:42:19+03:00" level=trace msg="SQL Query:  INSERT INTO transactions      (type, amount, sender_id, receiver_id)  VALUES         ($1, $2, $3, $4) RETURNING ID " file="repository.go:33"
time="2022-11-13T21:42:20+03:00" level=trace msg="SQL Query:  SELECT id, balance, account_type FROM accounts WHERE id= $1; " file="repository.go:31"
time="2022-11-13T21:42:20+03:00" level=trace msg="SQL Query:  UPDATE accounts  SET     balance = $2 WHERE  id = $1 RETURNING ID " file="repository.go:69"
time="2022-11-13T21:42:20+03:00" level=trace msg="SQL Query:  INSERT INTO transactions      (type, amount, sender_id, receiver_id)  VALUES         ($1, $2, $3, $4) RETURNING ID " file="repository.go:33"
time="2022-11-13T21:42:20+03:00" level=trace msg="SQL Query:  SELECT id, balance, account_type FROM accounts WHERE id= $1; " file="repository.go:31"
time="2022-11-13T21:42:20+03:00" level=trace msg="SQL Query:  UPDATE accounts  SET     balance = $2 WHERE  id = $1 RETURNING ID " file="repository.go:69"
time="2022-11-13T21:42:20+03:00" level=trace msg="SQL Query:  INSERT INTO transactions      (type, amount, sender_id, receiver_id)  VALUES         ($1, $2, $3, $4) RETURNING ID " file="repository.go:33"
time="2022-11-13T21:42:20+03:00" level=trace msg="SQL Query:  SELECT id, balance, account_type FROM accounts WHERE id= $1; " file="repository.go:31"
time="2022-11-13T21:42:20+03:00" level=trace msg="SQL Query:  UPDATE accounts  SET     balance = $2 WHERE  id = $1 RETURNING ID " file="repository.go:69"
time="2022-11-13T21:42:20+03:00" level=trace msg="SQL Query:  INSERT INTO transactions      (type, amount, sender_id, receiver_id)  VALUES         ($1, $2, $3, $4) RETURNING ID " file="repository.go:33"
time="2022-11-13T21:42:27+03:00" level=trace msg="SQL Query:  SELECT id, balance, account_type FROM accounts WHERE id= $1; " file="repository.go:31"
time="2022-11-13T21:42:27+03:00" level=trace msg="SQL Query:  UPDATE accounts  SET     balance = $2 WHERE  id = $1 RETURNING ID " file="repository.go:69"
time="2022-11-13T21:42:27+03:00" level=trace msg="SQL Query:  INSERT INTO transactions      (type, amount, sender_id, receiver_id)  VALUES         ($1, $2, $3, $4) RETURNING ID " file="repository.go:33"
time="2022-11-13T21:42:29+03:00" level=trace msg="SQL Query:  SELECT id, balance, account_type FROM accounts WHERE id= $1; " file="repository.go:31"
time="2022-11-13T21:49:50+03:00" level=info msg="read application configuration" file="config.go:27"
time="2022-11-13T21:49:50+03:00" level=info msg="server is listening port 5002" file="main.go:40"
time="2022-11-13T21:49:55+03:00" level=trace msg="SQL Query:  SELECT id, balance, account_type FROM accounts WHERE id= $1; " file="repository.go:31"
time="2022-11-13T21:49:55+03:00" level=trace msg="SQL Query:  UPDATE accounts  SET     balance = $2 WHERE  id = $1 RETURNING ID " file="repository.go:69"
time="2022-11-13T21:49:55+03:00" level=trace msg="SQL Query:  INSERT INTO transactions      (type, amount, sender_id, receiver_id)  VALUES         ($1, $2, $3, $4) RETURNING ID " file="repository.go:33"
time="2022-11-13T21:49:55+03:00" level=trace msg="SQL Query:  SELECT id, balance, account_type FROM accounts WHERE id= $1; " file="repository.go:31"
time="2022-11-13T21:49:55+03:00" level=trace msg="SQL Query:  UPDATE accounts  SET     balance = $2 WHERE  id = $1 RETURNING ID " file="repository.go:69"
time="2022-11-13T21:49:55+03:00" level=trace msg="SQL Query:  INSERT INTO transactions      (type, amount, sender_id, receiver_id)  VALUES         ($1, $2, $3, $4) RETURNING ID " file="repository.go:33"
time="2022-11-13T21:49:56+03:00" level=trace msg="SQL Query:  SELECT id, balance, account_type FROM accounts WHERE id= $1; " file="repository.go:31"
time="2022-11-13T21:49:56+03:00" level=trace msg="SQL Query:  UPDATE accounts  SET     balance = $2 WHERE  id = $1 RETURNING ID " file="repository.go:69"
time="2022-11-13T21:49:56+03:00" level=trace msg="SQL Query:  INSERT INTO transactions      (type, amount, sender_id, receiver_id)  VALUES         ($1, $2, $3, $4) RETURNING ID " file="repository.go:33"
time="2022-11-13T21:49:56+03:00" level=trace msg="SQL Query:  SELECT id, balance, account_type FROM accounts WHERE id= $1; " file="repository.go:31"
time="2022-11-13T21:49:56+03:00" level=trace msg="SQL Query:  UPDATE accounts  SET     balance = $2 WHERE  id = $1 RETURNING ID " file="repository.go:69"
time="2022-11-13T21:49:56+03:00" level=trace msg="SQL Query:  INSERT INTO transactions      (type, amount, sender_id, receiver_id)  VALUES         ($1, $2, $3, $4) RETURNING ID " file="repository.go:33"
time="2022-11-13T21:49:58+03:00" level=trace msg="SQL Query:  SELECT id, balance, account_type FROM accounts WHERE id= $1; " file="repository.go:31"
time="2022-11-13T21:49:59+03:00" level=trace msg="SQL Query:  SELECT id, balance, account_type FROM accounts WHERE id= $1; " file="repository.go:31"
time="2022-11-13T21:49:59+03:00" level=trace msg="SQL Query:  SELECT id, balance, account_type FROM accounts WHERE id= $1; " file="repository.go:31"
time="2022-11-13T21:50:02+03:00" level=trace msg="SQL Query:  SELECT id, balance, account_type FROM accounts WHERE id= $1; " file="repository.go:31"
time="2022-11-13T21:50:02+03:00" level=trace msg="SQL Query:  UPDATE accounts  SET     balance = $2 WHERE  id = $1 RETURNING ID " file="repository.go:69"
time="2022-11-13T21:50:02+03:00" level=trace msg="SQL Query:  INSERT INTO transactions      (type, amount, sender_id, receiver_id)  VALUES         ($1, $2, $3, $4) RETURNING ID " file="repository.go:33"
time="2022-11-13T21:50:02+03:00" level=trace msg="SQL Query:  SELECT id, balance, account_type FROM accounts WHERE id= $1; " file="repository.go:31"
time="2022-11-13T21:50:02+03:00" level=trace msg="SQL Query:  UPDATE accounts  SET     balance = $2 WHERE  id = $1 RETURNING ID " file="repository.go:69"
time="2022-11-13T21:50:02+03:00" level=trace msg="SQL Query:  INSERT INTO transactions      (type, amount, sender_id, receiver_id)  VALUES         ($1, $2, $3, $4) RETURNING ID " file="repository.go:33"
time="2022-11-13T21:50:02+03:00" level=trace msg="SQL Query:  SELECT id, balance, account_type FROM accounts WHERE id= $1; " file="repository.go:31"
time="2022-11-13T21:50:02+03:00" level=trace msg="SQL Query:  UPDATE accounts  SET     balance = $2 WHERE  id = $1 RETURNING ID " file="repository.go:69"
time="2022-11-13T21:50:02+03:00" level=trace msg="SQL Query:  INSERT INTO transactions      (type, amount, sender_id, receiver_id)  VALUES         ($1, $2, $3, $4) RETURNING ID " file="repository.go:33"
time="2022-11-13T21:50:03+03:00" level=trace msg="SQL Query:  SELECT id, balance, account_type FROM accounts WHERE id= $1; " file="repository.go:31"
time="2022-11-13T21:50:03+03:00" level=trace msg="SQL Query:  UPDATE accounts  SET     balance = $2 WHERE  id = $1 RETURNING ID " file="repository.go:69"
time="2022-11-13T21:50:03+03:00" level=trace msg="SQL Query:  INSERT INTO transactions      (type, amount, sender_id, receiver_id)  VALUES         ($1, $2, $3, $4) RETURNING ID " file="repository.go:33"
time="2022-11-13T21:50:05+03:00" level=trace msg="SQL Query:  SELECT id, balance, account_type FROM accounts WHERE id= $1; " file="repository.go:31"
time="2022-11-13T21:50:05+03:00" level=trace msg="SQL Query:  UPDATE accounts  SET     balance = $2 WHERE  id = $1 RETURNING ID " file="repository.go:69"
time="2022-11-13T21:50:05+03:00" level=trace msg="SQL Query:  INSERT INTO transactions      (type, amount, sender_id, receiver_id)  VALUES         ($1, $2, $3, $4) RETURNING ID " file="repository.go:33"
time="2022-11-13T21:50:08+03:00" level=trace msg="SQL Query:  SELECT id, balance, account_type FROM accounts WHERE id= $1; " file="repository.go:31"
time="2022-11-13T21:50:08+03:00" level=trace msg="SQL Query:  SELECT id, balance, account_type FROM accounts WHERE id= $1; " file="repository.go:31"
time="2022-11-13T21:50:09+03:00" level=trace msg="SQL Query:  SELECT id, balance, account_type FROM accounts WHERE id= $1; " file="repository.go:31"
time="2022-11-13T21:50:29+03:00" level=trace msg="SQL Query:  SELECT id, balance, account_type FROM accounts WHERE id= $1; " file="repository.go:31"
time="2022-11-13T21:50:29+03:00" level=trace msg="SQL Query:  INSERT INTO accounts      (id, balance, account_type)  VALUES         ($1, $2, $3) RETURNING ID " file="repository.go:50"
time="2022-11-13T21:50:29+03:00" level=trace msg="SQL Query:  UPDATE accounts  SET     balance = $2 WHERE  id = $1 RETURNING ID " file="repository.go:69"
time="2022-11-13T21:50:29+03:00" level=trace msg="SQL Query:  INSERT INTO transactions      (type, amount, sender_id, receiver_id)  VALUES         ($1, $2, $3, $4) RETURNING ID " file="repository.go:33"
time="2022-11-13T21:50:55+03:00" level=trace msg="SQL Query:  SELECT id, balance, account_type FROM accounts WHERE id= $1; " file="repository.go:31"
time="2022-11-13T21:51:18+03:00" level=info msg="read application configuration" file="config.go:27"
time="2022-11-13T21:51:18+03:00" level=info msg="server is listening port 5002" file="main.go:40"
time="2022-11-13T21:51:26+03:00" level=trace msg="SQL Query:  SELECT id, balance, account_type FROM accounts WHERE id= $1; " file="repository.go:31"
time="2022-11-13T21:51:43+03:00" level=trace msg="SQL Query:  SELECT id, balance, account_type FROM accounts WHERE id= $1; " file="repository.go:31"
time="2022-11-13T21:51:50+03:00" level=trace msg="SQL Query:  SELECT id, balance, account_type FROM accounts WHERE id= $1; " file="repository.go:31"
time="2022-11-13T21:51:56+03:00" level=trace msg="SQL Query:  SELECT id, balance, account_type FROM accounts WHERE id= $1; " file="repository.go:31"
time="2022-11-13T21:52:01+03:00" level=trace msg="SQL Query:  SELECT id, balance, account_type FROM accounts WHERE id= $1; " file="repository.go:31"
time="2022-11-13T21:52:01+03:00" level=trace msg="SQL Query:  SELECT id, balance, account_type FROM accounts WHERE id= $1; " file="repository.go:31"
time="2022-11-13T21:52:01+03:00" level=trace msg="SQL Query:  UPDATE accounts  SET     balance = $2 WHERE  id = $1 RETURNING ID " file="repository.go:69"
time="2022-11-13T21:52:01+03:00" level=trace msg="SQL Query:  UPDATE accounts  SET     balance = $2 WHERE  id = $1 RETURNING ID " file="repository.go:69"
time="2022-11-13T21:52:01+03:00" level=trace msg="SQL Query:  INSERT INTO transactions      (type, amount, sender_id, receiver_id)  VALUES         ($1, $2, $3, $4) RETURNING ID " file="repository.go:33"
time="2022-11-13T21:52:08+03:00" level=trace msg="SQL Query:  SELECT id, balance, account_type FROM accounts WHERE id= $1; " file="repository.go:31"
time="2022-11-13T21:52:55+03:00" level=info msg="read application configuration" file="config.go:27"
time="2022-11-13T21:52:55+03:00" level=info msg="server is listening port 5002" file="main.go:40"
time="2022-11-13T21:53:00+03:00" level=trace msg="SQL Query:  SELECT id, balance, account_type FROM accounts WHERE id= $1; " file="repository.go:31"
time="2022-11-13T21:53:12+03:00" level=trace msg="SQL Query:  SELECT id, balance, account_type FROM accounts WHERE id= $1; " file="repository.go:31"
time="2022-11-13T21:53:12+03:00" level=trace msg="SQL Query:  SELECT id, balance, account_type FROM accounts WHERE id= $1; " file="repository.go:31"
time="2022-11-13T21:53:12+03:00" level=trace msg="SQL Query:  UPDATE accounts  SET     balance = $2 WHERE  id = $1 RETURNING ID " file="repository.go:69"
time="2022-11-13T21:53:12+03:00" level=trace msg="SQL Query:  UPDATE accounts  SET     balance = $2 WHERE  id = $1 RETURNING ID " file="repository.go:69"
time="2022-11-13T21:53:12+03:00" level=trace msg="SQL Query:  INSERT INTO transactions      (type, amount, sender_id, receiver_id)  VALUES         ($1, $2, $3, $4) RETURNING ID " file="repository.go:33"
time="2022-11-13T22:44:46+03:00" level=info msg="read application configuration" file="config.go:27"
time="2022-11-13T22:44:46+03:00" level=info msg="server is listening port 5002" file="main.go:40"
time="2022-11-13T22:44:51+03:00" level=trace msg="SQL Query:  SELECT id, balance, account_type FROM accounts WHERE id= $1; " file="repository.go:31"
time="2022-11-13T22:44:51+03:00" level=trace msg="SQL Query:  UPDATE accounts  SET     balance = $2 WHERE  id = $1 RETURNING ID " file="repository.go:69"
time="2022-11-13T22:44:51+03:00" level=trace msg="SQL Query:  INSERT INTO transactions      (type, amount, sender_id, receiver_id)  VALUES         ($1, $2, $3, $4) RETURNING ID " file="repository.go:33"
time="2022-11-13T22:44:52+03:00" level=trace msg="SQL Query:  SELECT id, balance, account_type FROM accounts WHERE id= $1; " file="repository.go:31"
time="2022-11-13T22:44:52+03:00" level=trace msg="SQL Query:  UPDATE accounts  SET     balance = $2 WHERE  id = $1 RETURNING ID " file="repository.go:69"
time="2022-11-13T22:44:52+03:00" level=trace msg="SQL Query:  INSERT INTO transactions      (type, amount, sender_id, receiver_id)  VALUES         ($1, $2, $3, $4) RETURNING ID " file="repository.go:33"
time="2022-11-13T22:44:58+03:00" level=trace msg="SQL Query:  SELECT id, balance, account_type FROM accounts WHERE id= $1; " file="repository.go:31"
time="2022-11-13T22:44:58+03:00" level=trace msg="SQL Query:  UPDATE accounts  SET     balance = $2 WHERE  id = $1 RETURNING ID " file="repository.go:69"
time="2022-11-13T22:44:58+03:00" level=trace msg="SQL Query:  INSERT INTO transactions      (type, amount, sender_id, receiver_id)  VALUES         ($1, $2, $3, $4) RETURNING ID " file="repository.go:33"
time="2022-11-13T22:44:58+03:00" level=trace msg="SQL Query:  SELECT id, balance, account_type FROM accounts WHERE id= $1; " file="repository.go:31"
time="2022-11-13T22:44:58+03:00" level=trace msg="SQL Query:  UPDATE accounts  SET     balance = $2 WHERE  id = $1 RETURNING ID " file="repository.go:69"
time="2022-11-13T22:44:58+03:00" level=trace msg="SQL Query:  INSERT INTO transactions      (type, amount, sender_id, receiver_id)  VALUES         ($1, $2, $3, $4) RETURNING ID " file="repository.go:33"
time="2022-11-13T22:44:59+03:00" level=trace msg="SQL Query:  SELECT id, balance, account_type FROM accounts WHERE id= $1; " file="repository.go:31"
time="2022-11-13T22:44:59+03:00" level=trace msg="SQL Query:  UPDATE accounts  SET     balance = $2 WHERE  id = $1 RETURNING ID " file="repository.go:69"
time="2022-11-13T22:44:59+03:00" level=trace msg="SQL Query:  INSERT INTO transactions      (type, amount, sender_id, receiver_id)  VALUES         ($1, $2, $3, $4) RETURNING ID " file="repository.go:33"
time="2022-11-13T22:44:59+03:00" level=trace msg="SQL Query:  SELECT id, balance, account_type FROM accounts WHERE id= $1; " file="repository.go:31"
time="2022-11-13T22:44:59+03:00" level=trace msg="SQL Query:  UPDATE accounts  SET     balance = $2 WHERE  id = $1 RETURNING ID " file="repository.go:69"
time="2022-11-13T22:44:59+03:00" level=trace msg="SQL Query:  INSERT INTO transactions      (type, amount, sender_id, receiver_id)  VALUES         ($1, $2, $3, $4) RETURNING ID " file="repository.go:33"
time="2022-11-13T22:44:59+03:00" level=trace msg="SQL Query:  SELECT id, balance, account_type FROM accounts WHERE id= $1; " file="repository.go:31"
time="2022-11-13T22:44:59+03:00" level=trace msg="SQL Query:  UPDATE accounts  SET     balance = $2 WHERE  id = $1 RETURNING ID " file="repository.go:69"
time="2022-11-13T22:44:59+03:00" level=trace msg="SQL Query:  INSERT INTO transactions      (type, amount, sender_id, receiver_id)  VALUES         ($1, $2, $3, $4) RETURNING ID " file="repository.go:33"
time="2022-11-13T22:45:13+03:00" level=trace msg="SQL Query:  SELECT id, balance, account_type FROM accounts WHERE id= $1; " file="repository.go:31"
time="2022-11-13T22:45:13+03:00" level=trace msg="SQL Query:  UPDATE accounts  SET     balance = $2 WHERE  id = $1 RETURNING ID " file="repository.go:69"
time="2022-11-13T22:45:13+03:00" level=trace msg="SQL Query:  INSERT INTO transactions      (type, amount, sender_id, receiver_id)  VALUES         ($1, $2, $3, $4) RETURNING ID " file="repository.go:33"
time="2022-11-13T22:45:16+03:00" level=trace msg="SQL Query:  SELECT id, balance, account_type FROM accounts WHERE id= $1; " file="repository.go:31"
time="2022-11-13T22:45:20+03:00" level=trace msg="SQL Query:  SELECT id, balance, account_type FROM accounts WHERE id= $1; " file="repository.go:31"
time="2022-11-13T22:45:20+03:00" level=trace msg="SQL Query:  UPDATE accounts  SET     balance = $2 WHERE  id = $1 RETURNING ID " file="repository.go:69"
time="2022-11-13T22:45:20+03:00" level=trace msg="SQL Query:  INSERT INTO transactions      (type, amount, sender_id, receiver_id)  VALUES         ($1, $2, $3, $4) RETURNING ID " file="repository.go:33"
time="2022-11-13T22:45:22+03:00" level=trace msg="SQL Query:  SELECT id, balance, account_type FROM accounts WHERE id= $1; " file="repository.go:31"
time="2022-11-13T22:45:24+03:00" level=trace msg="SQL Query:  SELECT id, balance, account_type FROM accounts WHERE id= $1; " file="repository.go:31"
time="2022-11-13T22:45:24+03:00" level=trace msg="SQL Query:  SELECT id, balance, account_type FROM accounts WHERE id= $1; " file="repository.go:31"
time="2022-11-13T22:45:24+03:00" level=trace msg="SQL Query:  UPDATE accounts  SET     balance = $2 WHERE  id = $1 RETURNING ID " file="repository.go:69"
time="2022-11-13T22:45:24+03:00" level=trace msg="SQL Query:  UPDATE accounts  SET     balance = $2 WHERE  id = $1 RETURNING ID " file="repository.go:69"
time="2022-11-13T22:45:24+03:00" level=trace msg="SQL Query:  INSERT INTO transactions      (type, amount, sender_id, receiver_id)  VALUES         ($1, $2, $3, $4) RETURNING ID " file="repository.go:33"
time="2022-11-13T22:45:25+03:00" level=trace msg="SQL Query:  SELECT id, balance, account_type FROM accounts WHERE id= $1; " file="repository.go:31"
time="2022-11-13T22:45:25+03:00" level=trace msg="SQL Query:  SELECT id, balance, account_type FROM accounts WHERE id= $1; " file="repository.go:31"
time="2022-11-13T22:45:25+03:00" level=trace msg="SQL Query:  UPDATE accounts  SET     balance = $2 WHERE  id = $1 RETURNING ID " file="repository.go:69"
time="2022-11-13T22:45:25+03:00" level=trace msg="SQL Query:  UPDATE accounts  SET     balance = $2 WHERE  id = $1 RETURNING ID " file="repository.go:69"
time="2022-11-13T22:45:25+03:00" level=trace msg="SQL Query:  INSERT INTO transactions      (type, amount, sender_id, receiver_id)  VALUES         ($1, $2, $3, $4) RETURNING ID " file="repository.go:33"
time="2022-11-13T22:45:25+03:00" level=trace msg="SQL Query:  SELECT id, balance, account_type FROM accounts WHERE id= $1; " file="repository.go:31"
time="2022-11-13T22:45:25+03:00" level=trace msg="SQL Query:  SELECT id, balance, account_type FROM accounts WHERE id= $1; " file="repository.go:31"
time="2022-11-13T22:45:25+03:00" level=trace msg="SQL Query:  UPDATE accounts  SET     balance = $2 WHERE  id = $1 RETURNING ID " file="repository.go:69"
time="2022-11-13T22:45:25+03:00" level=trace msg="SQL Query:  UPDATE accounts  SET     balance = $2 WHERE  id = $1 RETURNING ID " file="repository.go:69"
time="2022-11-13T22:45:25+03:00" level=trace msg="SQL Query:  INSERT INTO transactions      (type, amount, sender_id, receiver_id)  VALUES         ($1, $2, $3, $4) RETURNING ID " file="repository.go:33"
time="2022-11-13T22:45:26+03:00" level=trace msg="SQL Query:  SELECT id, balance, account_type FROM accounts WHERE id= $1; " file="repository.go:31"
time="2022-11-13T22:45:26+03:00" level=trace msg="SQL Query:  SELECT id, balance, account_type FROM accounts WHERE id= $1; " file="repository.go:31"
time="2022-11-13T22:45:26+03:00" level=trace msg="SQL Query:  UPDATE accounts  SET     balance = $2 WHERE  id = $1 RETURNING ID " file="repository.go:69"
time="2022-11-13T22:45:26+03:00" level=trace msg="SQL Query:  UPDATE accounts  SET     balance = $2 WHERE  id = $1 RETURNING ID " file="repository.go:69"
time="2022-11-13T22:45:26+03:00" level=trace msg="SQL Query:  INSERT INTO transactions      (type, amount, sender_id, receiver_id)  VALUES         ($1, $2, $3, $4) RETURNING ID " file="repository.go:33"
time="2022-11-13T22:45:26+03:00" level=trace msg="SQL Query:  SELECT id, balance, account_type FROM accounts WHERE id= $1; " file="repository.go:31"
time="2022-11-13T22:45:26+03:00" level=trace msg="SQL Query:  SELECT id, balance, account_type FROM accounts WHERE id= $1; " file="repository.go:31"
time="2022-11-13T22:45:26+03:00" level=trace msg="SQL Query:  UPDATE accounts  SET     balance = $2 WHERE  id = $1 RETURNING ID " file="repository.go:69"
time="2022-11-13T22:45:26+03:00" level=trace msg="SQL Query:  UPDATE accounts  SET     balance = $2 WHERE  id = $1 RETURNING ID " file="repository.go:69"
time="2022-11-13T22:45:26+03:00" level=trace msg="SQL Query:  INSERT INTO transactions      (type, amount, sender_id, receiver_id)  VALUES         ($1, $2, $3, $4) RETURNING ID " file="repository.go:33"
time="2022-11-14T20:29:09+03:00" level=info msg="read application configuration" file="config.go:26"
time="2022-11-14T20:29:09+03:00" level=info msg="server is listening port 5003" file="main.go:45"
time="2022-11-14T20:30:30+03:00" level=info msg="read application configuration" file="config.go:26"
time="2022-11-14T20:30:31+03:00" level=info msg="server is listening port 5003" file="main.go:45"
time="2022-11-14T20:30:36+03:00" level=trace msg="SQL Query:  SELECT id, balance, account_type FROM accounts WHERE id= $1; " file="repository.go:24"
time="2022-11-14T20:30:36+03:00" level=trace msg="SQL Query:  UPDATE accounts  SET     balance = $2 WHERE  id = $1 RETURNING ID " file="repository.go:62"
time="2022-11-14T20:30:36+03:00" level=trace msg="SQL Query:  INSERT INTO transactions      (type, amount, sender_id, receiver_id)  VALUES         ($1, $2, $3, $4) RETURNING ID " file="repository.go:26"
time="2022-11-14T20:30:37+03:00" level=trace msg="SQL Query:  SELECT id, balance, account_type FROM accounts WHERE id= $1; " file="repository.go:24"
time="2022-11-14T20:30:37+03:00" level=trace msg="SQL Query:  UPDATE accounts  SET     balance = $2 WHERE  id = $1 RETURNING ID " file="repository.go:62"
time="2022-11-14T20:30:37+03:00" level=trace msg="SQL Query:  INSERT INTO transactions      (type, amount, sender_id, receiver_id)  VALUES         ($1, $2, $3, $4) RETURNING ID " file="repository.go:26"
time="2022-11-14T20:31:46+03:00" level=trace msg="SQL Query:  SELECT id, balance, account_type FROM accounts WHERE id= $1; " file="repository.go:24"
time="2022-11-14T20:31:46+03:00" level=trace msg="SQL Query:  INSERT INTO accounts      (id, balance, account_type)  VALUES         ($1, $2, $3) RETURNING ID " file="repository.go:43"
time="2022-11-14T20:31:46+03:00" level=trace msg="SQL Query:  UPDATE accounts  SET     balance = $2 WHERE  id = $1 RETURNING ID " file="repository.go:62"
time="2022-11-14T20:31:46+03:00" level=trace msg="SQL Query:  INSERT INTO transactions      (type, amount, sender_id, receiver_id)  VALUES         ($1, $2, $3, $4) RETURNING ID " file="repository.go:26"
time="2022-11-14T20:31:47+03:00" level=trace msg="SQL Query:  SELECT id, balance, account_type FROM accounts WHERE id= $1; " file="repository.go:24"
time="2022-11-14T20:31:47+03:00" level=trace msg="SQL Query:  UPDATE accounts  SET     balance = $2 WHERE  id = $1 RETURNING ID " file="repository.go:62"
time="2022-11-14T20:31:47+03:00" level=trace msg="SQL Query:  INSERT INTO transactions      (type, amount, sender_id, receiver_id)  VALUES         ($1, $2, $3, $4) RETURNING ID " file="repository.go:26"
time="2022-11-14T20:32:46+03:00" level=info msg="read application configuration" file="config.go:26"
time="2022-11-14T20:32:46+03:00" level=info msg="server is listening port 5003" file="main.go:45"
time="2022-11-14T20:33:56+03:00" level=trace msg="SQL Query:  SELECT id, balance, account_type FROM accounts WHERE id= $1; " file="repository.go:24"
time="2022-11-14T20:33:56+03:00" level=trace msg="SQL Query:  INSERT INTO accounts      (id, balance, account_type)  VALUES         ($1, $2, $3) RETURNING ID " file="repository.go:43"
time="2022-11-14T20:33:56+03:00" level=trace msg="SQL Query:  UPDATE accounts  SET     balance = $2 WHERE  id = $1 RETURNING ID " file="repository.go:62"
time="2022-11-14T20:33:56+03:00" level=trace msg="SQL Query:  INSERT INTO transactions      (type, amount, sender_id, receiver_id)  VALUES         ($1, $2, $3, $4) RETURNING ID " file="repository.go:26"
time="2022-11-14T20:33:56+03:00" level=trace msg="SQL Query:  SELECT id, balance, account_type FROM accounts WHERE id= $1; " file="repository.go:24"
time="2022-11-14T20:33:56+03:00" level=trace msg="SQL Query:  UPDATE accounts  SET     balance = $2 WHERE  id = $1 RETURNING ID " file="repository.go:62"
time="2022-11-14T20:33:56+03:00" level=trace msg="SQL Query:  INSERT INTO transactions      (type, amount, sender_id, receiver_id)  VALUES         ($1, $2, $3, $4) RETURNING ID " file="repository.go:26"
time="2022-11-14T20:34:23+03:00" level=trace msg="SQL Query:  SELECT id, balance, account_type FROM accounts WHERE id= $1; " file="repository.go:24"
time="2022-11-14T20:35:07+03:00" level=trace msg="SQL Query:  SELECT id, balance, account_type FROM accounts WHERE id= $1; " file="repository.go:24"
time="2022-11-14T20:35:07+03:00" level=trace msg="SQL Query:  SELECT account_id, category_name FROM categories WHERE id= $1; " file="repository.go:21"
time="2022-11-14T20:35:57+03:00" level=info msg="read application configuration" file="config.go:26"
time="2022-11-14T20:35:57+03:00" level=info msg="server is listening port 5003" file="main.go:45"
time="2022-11-14T20:35:59+03:00" level=trace msg="SQL Query:  SELECT id, balance, account_type FROM accounts WHERE id= $1; " file="repository.go:24"
time="2022-11-14T20:35:59+03:00" level=trace msg="SQL Query:  SELECT account_id, category_name FROM categories WHERE id= $1; " file="repository.go:21"
time="2022-11-14T20:37:01+03:00" level=info msg="read application configuration" file="config.go:26"
time="2022-11-14T20:37:01+03:00" level=info msg="server is listening port 5003" file="main.go:45"
time="2022-11-14T20:37:11+03:00" level=trace msg="SQL Query:  SELECT id, balance, account_type FROM accounts WHERE id= $1; " file="repository.go:24"
time="2022-11-14T20:37:14+03:00" level=trace msg="SQL Query:  SELECT account_id, category_name FROM categories WHERE id= $1; " file="repository.go:21"
time="2022-11-14T20:37:51+03:00" level=info msg="read application configuration" file="config.go:26"
time="2022-11-14T20:37:51+03:00" level=info msg="server is listening port 5003" file="main.go:45"
time="2022-11-14T20:37:55+03:00" level=trace msg="SQL Query:  SELECT id, balance, account_type FROM accounts WHERE id= $1; " file="repository.go:24"
time="2022-11-14T20:38:10+03:00" level=trace msg="SQL Query:  SELECT account_id, category_name FROM categories WHERE id= $1; " file="repository.go:21"
time="2022-11-14T20:38:59+03:00" level=info msg="read application configuration" file="config.go:26"
time="2022-11-14T20:39:00+03:00" level=info msg="server is listening port 5003" file="main.go:45"
time="2022-11-14T20:39:02+03:00" level=trace msg="SQL Query:  SELECT id, balance, account_type FROM accounts WHERE id= $1; " file="repository.go:24"
time="2022-11-14T20:39:02+03:00" level=trace msg="SQL Query:  SELECT account_id, category_name FROM categories WHERE id= $1; " file="repository.go:21"
time="2022-11-14T20:39:02+03:00" level=trace msg="SQL Query:  SELECT id, balance, account_type FROM accounts WHERE id= $1; " file="repository.go:24"
time="2022-11-14T20:39:02+03:00" level=trace msg="SQL Query:  UPDATE accounts  SET     balance = $2 WHERE  id = $1 RETURNING ID " file="repository.go:62"
time="2022-11-14T20:39:02+03:00" level=trace msg="SQL Query:  UPDATE accounts  SET     balance = $2 WHERE  id = $1 RETURNING ID " file="repository.go:62"
time="2022-11-14T20:39:02+03:00" level=trace msg="SQL Query:  INSERT INTO transactions      (type, amount, sender_id, receiver_id)  VALUES         ($1, $2, $3, $4) RETURNING ID " file="repository.go:26"
time="2022-11-14T20:39:02+03:00" level=trace msg="SQL Query:  INSERT INTO orders      (id, category_id, price, user_account_id, status)  VALUES         ($1, $2, $3, $4) RETURNING ID " file="repository.go:26"
time="2022-11-14T20:39:02+03:00" level=error msg="SQL Error: INSERT содержит больше целевых столбцов, чем выражений, Detail: , Where: , Code: 42601, SQLState: 42601" file="repository.go:89"
time="2022-11-14T20:39:37+03:00" level=info msg="read application configuration" file="config.go:26"
time="2022-11-14T20:39:37+03:00" level=info msg="server is listening port 5003" file="main.go:45"
time="2022-11-14T20:39:43+03:00" level=trace msg="SQL Query:  SELECT id, balance, account_type FROM accounts WHERE id= $1; " file="repository.go:24"
time="2022-11-14T20:39:43+03:00" level=trace msg="SQL Query:  SELECT account_id, category_name FROM categories WHERE id= $1; " file="repository.go:21"
time="2022-11-14T20:39:43+03:00" level=trace msg="SQL Query:  SELECT id, balance, account_type FROM accounts WHERE id= $1; " file="repository.go:24"
time="2022-11-14T20:39:43+03:00" level=trace msg="SQL Query:  UPDATE accounts  SET     balance = $2 WHERE  id = $1 RETURNING ID " file="repository.go:62"
time="2022-11-14T20:39:43+03:00" level=trace msg="SQL Query:  UPDATE accounts  SET     balance = $2 WHERE  id = $1 RETURNING ID " file="repository.go:62"
time="2022-11-14T20:39:43+03:00" level=trace msg="SQL Query:  INSERT INTO transactions      (type, amount, sender_id, receiver_id)  VALUES         ($1, $2, $3, $4) RETURNING ID " file="repository.go:26"
time="2022-11-14T20:39:43+03:00" level=trace msg="SQL Query:  INSERT INTO orders      (id, category_id, price, user_account_id, status)  VALUES         ($1, $2, $3, $4, $5) RETURNING ID " file="repository.go:26"
time="2022-11-14T20:39:43+03:00" level=error msg="SQL Error: INSERT или UPDATE в таблице \"orders\" нарушает ограничение внешнего ключа \"orders_service_categories_id_fk\", Detail: Ключ (category_id)=(0) отсутствует в таблице \"categories\"., Where: , Code: 23503, SQLState: 23503" file="repository.go:89"
time="2022-11-14T20:41:29+03:00" level=info msg="read application configuration" file="config.go:26"
time="2022-11-14T20:41:29+03:00" level=info msg="server is listening port 5003" file="main.go:45"
time="2022-11-14T20:41:32+03:00" level=trace msg="SQL Query:  SELECT id, balance, account_type FROM accounts WHERE id= $1; " file="repository.go:24"
time="2022-11-14T20:41:32+03:00" level=trace msg="SQL Query:  SELECT id, account_id, category_name FROM categories WHERE id= $1; " file="repository.go:21"
time="2022-11-14T20:41:32+03:00" level=trace msg="SQL Query:  SELECT id, balance, account_type FROM accounts WHERE id= $1; " file="repository.go:24"
time="2022-11-14T20:41:32+03:00" level=trace msg="SQL Query:  UPDATE accounts  SET     balance = $2 WHERE  id = $1 RETURNING ID " file="repository.go:62"
time="2022-11-14T20:41:32+03:00" level=trace msg="SQL Query:  UPDATE accounts  SET     balance = $2 WHERE  id = $1 RETURNING ID " file="repository.go:62"
time="2022-11-14T20:41:32+03:00" level=trace msg="SQL Query:  INSERT INTO transactions      (type, amount, sender_id, receiver_id)  VALUES         ($1, $2, $3, $4) RETURNING ID " file="repository.go:26"
time="2022-11-14T20:41:32+03:00" level=trace msg="SQL Query:  INSERT INTO orders      (id, category_id, price, user_account_id, status)  VALUES         ($1, $2, $3, $4, $5) RETURNING ID " file="repository.go:26"
time="2022-11-14T20:44:10+03:00" level=info msg="read application configuration" file="config.go:26"
time="2022-11-14T20:44:10+03:00" level=info msg="server is listening port 5003" file="main.go:45"
time="2022-11-14T20:44:20+03:00" level=trace msg="SQL Query:  SELECT id, balance, account_type FROM accounts WHERE id= $1; " file="repository.go:24"
time="2022-11-14T20:44:20+03:00" level=trace msg="SQL Query:  SELECT id, account_id, category_name FROM categories WHERE id= $1; " file="repository.go:21"
time="2022-11-14T20:44:20+03:00" level=trace msg="SQL Query:  SELECT id, balance, account_type FROM accounts WHERE id= $1; " file="repository.go:24"
time="2022-11-14T20:44:20+03:00" level=trace msg="SQL Query:  UPDATE accounts  SET     balance = $2 WHERE  id = $1 RETURNING ID " file="repository.go:62"
time="2022-11-14T20:44:20+03:00" level=trace msg="SQL Query:  UPDATE accounts  SET     balance = $2 WHERE  id = $1 RETURNING ID " file="repository.go:62"
time="2022-11-14T20:44:20+03:00" level=trace msg="SQL Query:  INSERT INTO orders      (id, category_id, price, user_account_id, status)  VALUES         ($1, $2, $3, $4, $5) RETURNING ID " file="repository.go:26"
time="2022-11-14T20:44:20+03:00" level=error msg="SQL Error: повторяющееся значение ключа нарушает ограничение уникальности \"orders_id_uindex\", Detail: Ключ \"(id)=(1)\" уже существует., Where: , Code: 23505, SQLState: 23505" file="repository.go:89"
time="2022-11-14T20:44:53+03:00" level=trace msg="SQL Query:  SELECT id, balance, account_type FROM accounts WHERE id= $1; " file="repository.go:24"
time="2022-11-14T20:44:53+03:00" level=trace msg="SQL Query:  SELECT id, account_id, category_name FROM categories WHERE id= $1; " file="repository.go:21"
time="2022-11-14T20:44:53+03:00" level=trace msg="SQL Query:  SELECT id, balance, account_type FROM accounts WHERE id= $1; " file="repository.go:24"
time="2022-11-14T20:44:53+03:00" level=trace msg="SQL Query:  UPDATE accounts  SET     balance = $2 WHERE  id = $1 RETURNING ID " file="repository.go:62"
time="2022-11-14T20:44:53+03:00" level=trace msg="SQL Query:  UPDATE accounts  SET     balance = $2 WHERE  id = $1 RETURNING ID " file="repository.go:62"
time="2022-11-14T20:44:53+03:00" level=trace msg="SQL Query:  INSERT INTO orders      (id, category_id, price, user_account_id, status)  VALUES         ($1, $2, $3, $4, $5) RETURNING ID " file="repository.go:26"
time="2022-11-14T20:44:53+03:00" level=trace msg="SQL Query:  INSERT INTO transactions      (type, amount, sender_id, receiver_id)  VALUES         ($1, $2, $3, $4) RETURNING ID " file="repository.go:26"
time="2022-11-14T20:45:53+03:00" level=info msg="read application configuration" file="config.go:26"
time="2022-11-14T20:45:54+03:00" level=info msg="server is listening port 5003" file="main.go:45"
time="2022-11-14T20:46:02+03:00" level=trace msg="SQL Query:  SELECT id, balance, account_type FROM accounts WHERE id= $1; " file="repository.go:24"
time="2022-11-14T20:46:02+03:00" level=trace msg="SQL Query:  SELECT id, account_id, category_name FROM categories WHERE id= $1; " file="repository.go:21"
time="2022-11-14T20:46:02+03:00" level=trace msg="SQL Query:  SELECT id, balance, account_type FROM accounts WHERE id= $1; " file="repository.go:24"
time="2022-11-14T20:46:02+03:00" level=trace msg="SQL Query:  UPDATE accounts  SET     balance = $2 WHERE  id = $1 RETURNING ID " file="repository.go:62"
time="2022-11-14T20:46:02+03:00" level=trace msg="SQL Query:  UPDATE accounts  SET     balance = $2 WHERE  id = $1 RETURNING ID " file="repository.go:62"
time="2022-11-14T20:46:02+03:00" level=trace msg="SQL Query:  INSERT INTO orders      (id, category_id, price, user_account_id, status)  VALUES         ($1, $2, $3, $4, $5) RETURNING ID " file="repository.go:26"
time="2022-11-14T20:46:02+03:00" level=trace msg="SQL Query:  INSERT INTO transactions      (type, amount, sender_id, receiver_id, comment)  VALUES         ($1, $2, $3, $4, $5) RETURNING ID " file="repository.go:26"
time="2022-11-14T20:46:09+03:00" level=trace msg="SQL Query:  SELECT id, balance, account_type FROM accounts WHERE id= $1; " file="repository.go:24"
time="2022-11-14T20:46:09+03:00" level=trace msg="SQL Query:  UPDATE accounts  SET     balance = $2 WHERE  id = $1 RETURNING ID " file="repository.go:62"
time="2022-11-14T20:46:09+03:00" level=trace msg="SQL Query:  INSERT INTO transactions      (type, amount, sender_id, receiver_id, comment)  VALUES         ($1, $2, $3, $4, $5) RETURNING ID " file="repository.go:26"
time="2022-11-14T21:56:01+03:00" level=info msg="read application configuration" file="config.go:26"
time="2022-11-14T21:56:01+03:00" level=info msg="server is listening port 5003" file="main.go:45"
time="2022-11-14T21:56:09+03:00" level=trace msg="SQL Query:  SELECT id, balance, account_type FROM accounts WHERE id= $1; " file="repository.go:24"
time="2022-11-14T21:56:16+03:00" level=trace msg="SQL Query:  INSERT INTO accounts      (id, balance, account_type)  VALUES         ($1, $2, $3) RETURNING ID " file="repository.go:43"
time="2022-11-14T21:56:16+03:00" level=error msg="SQL Error: повторяющееся значение ключа нарушает ограничение уникальности \"accounts_id_uindex\", Detail: Ключ \"(id)=(1)\" уже существует., Where: , Code: 23505, SQLState: 23505" file="repository.go:89"
time="2022-11-14T22:00:54+03:00" level=info msg="read application configuration" file="config.go:26"
time="2022-11-14T22:00:54+03:00" level=info msg="server is listening port 5003" file="main.go:45"
time="2022-11-14T22:01:01+03:00" level=trace msg="SQL Query:  SELECT id, balance, account_type FROM accounts WHERE id= $1; " file="repository.go:24"
time="2022-11-14T22:01:01+03:00" level=trace msg="SQL Query:  INSERT INTO accounts      (id, balance, account_type)  VALUES         ($1, $2, $3) RETURNING ID " file="repository.go:43"
time="2022-11-14T22:01:01+03:00" level=error msg="SQL Error: повторяющееся значение ключа нарушает ограничение уникальности \"accounts_id_uindex\", Detail: Ключ \"(id)=(1)\" уже существует., Where: , Code: 23505, SQLState: 23505" file="repository.go:89"
time="2022-11-14T22:01:01+03:00" level=trace msg="Rollback transaction" file="deposit.go:29"
